<?xml version="1.0" encoding="UTF-8"?>
<!-- Generated by org.testng.reporters.JUnitXMLReporter -->
<testsuite hostname="Majd" ignored="0" name="Search Functionality" tests="5" failures="0" timestamp="27 Sep 2020 06:36:06 GMT" time="8.316" errors="0">
  <testcase name="Part3_1" time="0.054" classname="Github.Search"/>
  <testcase name="Part3_2" time="1.354" classname="Github.Search"/>
  <testcase name="part3_3" time="0.076" classname="Github.Search"/>
  <testcase name="part3_4" time="1.341" classname="Github.Search"/>
  <testcase name="part3_5" time="0.18" classname="Github.Search"/>
</testsuite> <!-- Search Functionality -->
