<?xml version="1.0" encoding="UTF-8"?>
<!-- Generated by org.testng.reporters.JUnitXMLReporter -->
<testsuite hostname="Majd" ignored="0" name="Default test" tests="5" failures="0" timestamp="27 Sep 2020 05:27:58 GMT" time="8.588" errors="0">
  <testcase name="Part3_1" time="0.073" classname="Github.Search"/>
  <testcase name="Part3_2" time="1.56" classname="Github.Search"/>
  <testcase name="part3_3" time="0.076" classname="Github.Search"/>
  <testcase name="part3_4" time="1.386" classname="Github.Search"/>
  <testcase name="part3_5" time="0.204" classname="Github.Search"/>
</testsuite> <!-- Default test -->
