<?xml version="1.0" encoding="UTF-8"?>
<testng-results skipped="0" failed="0" ignored="0" total="5" passed="5">
  <reporter-output>
  </reporter-output>
  <suite name="GitHub Test Cases" duration-ms="8316" started-at="2020-09-27T06:35:58Z" finished-at="2020-09-27T06:36:06Z">
    <groups>
    </groups>
    <test name="Search Functionality" duration-ms="8316" started-at="2020-09-27T06:35:58Z" finished-at="2020-09-27T06:36:06Z">
      <class name="Github.Search">
        <test-method status="PASS" signature="beforeTest()[pri:0, instance:Github.Search@f09733f]" name="beforeTest" is-config="true" duration-ms="5148" started-at="2020-09-27T06:35:58Z" finished-at="2020-09-27T06:36:03Z">
          <reporter-output>
          </reporter-output>
        </test-method> <!-- beforeTest -->
        <test-method status="PASS" signature="Part3_1()[pri:1, instance:Github.Search@f09733f]" name="Part3_1" duration-ms="54" started-at="2020-09-27T06:36:03Z" description="Opening github.com should show a search box in the header panel, with placeholder text of Search Github. " finished-at="2020-09-27T06:36:03Z">
          <reporter-output>
          </reporter-output>
        </test-method> <!-- Part3_1 -->
        <test-method status="PASS" signature="Part3_2()[pri:2, instance:Github.Search@f09733f]" name="Part3_2" duration-ms="1354" started-at="2020-09-27T06:36:03Z" description="Searching for the text (repo) “python/cpython”" finished-at="2020-09-27T06:36:05Z">
          <reporter-output>
          </reporter-output>
        </test-method> <!-- Part3_2 -->
        <test-method status="PASS" signature="part3_3()[pri:3, instance:Github.Search@f09733f]" name="part3_3" duration-ms="76" started-at="2020-09-27T06:36:05Z" description="The first result for the search term should be the repo “python/cpython” with the following URL https://github.com/python/cpython " finished-at="2020-09-27T06:36:05Z">
          <reporter-output>
          </reporter-output>
        </test-method> <!-- part3_3 -->
        <test-method status="PASS" signature="part3_4()[pri:4, instance:Github.Search@f09733f]" name="part3_4" duration-ms="1341" started-at="2020-09-27T06:36:05Z" description=" Clicking on the repo, should open its page" finished-at="2020-09-27T06:36:06Z">
          <reporter-output>
          </reporter-output>
        </test-method> <!-- part3_4 -->
        <test-method status="PASS" signature="part3_5()[pri:5, instance:Github.Search@f09733f]" name="part3_5" duration-ms="180" started-at="2020-09-27T06:36:06Z" description=" confirm the existence of the CI statuses bar " finished-at="2020-09-27T06:36:06Z">
          <reporter-output>
          </reporter-output>
        </test-method> <!-- part3_5 -->
        <test-method status="PASS" signature="afterTest()[pri:0, instance:Github.Search@f09733f]" name="afterTest" is-config="true" duration-ms="133" started-at="2020-09-27T06:36:06Z" finished-at="2020-09-27T06:36:06Z">
          <reporter-output>
          </reporter-output>
        </test-method> <!-- afterTest -->
      </class> <!-- Github.Search -->
    </test> <!-- Search Functionality -->
  </suite> <!-- GitHub Test Cases -->
</testng-results>
