<?xml version="1.0" encoding="UTF-8"?>
<!-- Generated by org.testng.reporters.JUnitXMLReporter -->
<testsuite hostname="Majd" ignored="0" name="LiWWA&#039;s Task" tests="5" failures="0" timestamp="27 Sep 2020 05:56:10 GMT" time="9.403" errors="0">
  <testcase name="Part3_1" time="0.072" classname="Github.Search"/>
  <testcase name="Part3_2" time="1.466" classname="Github.Search"/>
  <testcase name="part3_3" time="0.153" classname="Github.Search"/>
  <testcase name="part3_4" time="1.712" classname="Github.Search"/>
  <testcase name="part3_5" time="0.352" classname="Github.Search"/>
</testsuite> <!-- LiWWA's Task -->
